<?xml version="1.0" encoding="UTF-8"?>
<!-- Generated by org.testng.reporters.JUnitXMLReporter -->
<testsuite hostname="urs-PC" name="Test" tests="6" failures="3"
	timestamp="13 Jul 2013 06:36:28 GMT" time="38.991" errors="0">
	<testcase name="PopupWindow" time="16.553" classname="unitTestCases.popupWindow">
		<failure type="org.openqa.selenium.NoSuchElementException"
			message="Unable to locate element: {&amp;quot;method&amp;quot;:&amp;quot;id&amp;quot;,&amp;quot;selector&amp;quot;:&amp;quot;multiplewindow&amp;quot;}
Command duration or timeout: 16 milliseconds
For documentation on this error, please visit: http://seleniumhq.org/exceptions/no_such_element.html
Build info: version: &amp;apos;2.33.0&amp;apos;, revision: &amp;apos;4e90c97&amp;apos;, time: &amp;apos;2013-05-22 15:33:32&amp;apos;
System info: os.name: &amp;apos;Windows 7&amp;apos;, os.arch: &amp;apos;x86&amp;apos;, os.version: &amp;apos;6.1&amp;apos;, java.version: &amp;apos;1.7.0_17&amp;apos;
Session ID: 0b46eef6-5bbc-4691-a9b7-5b9d3401ae3e
Driver info: org.openqa.selenium.firefox.FirefoxDriver
Capabilities [{platform=XP, databaseEnabled=true, cssSelectorsEnabled=true, javascriptEnabled=true, acceptSslCerts=true, handlesAlerts=true, browserName=firefox, browserConnectionEnabled=true, nativeEvents=true, webStorageEnabled=true, rotatable=false, locationContextEnabled=true, applicationCacheEnabled=true, takesScreenshot=true, version=20.0.1}]">
      <![CDATA[org.openqa.selenium.NoSuchElementException: Unable to locate element: {"method":"id","selector":"multiplewindow"}
Command duration or timeout: 16 milliseconds
For documentation on this error, please visit: http://seleniumhq.org/exceptions/no_such_element.html
Build info: version: '2.33.0', revision: '4e90c97', time: '2013-05-22 15:33:32'
System info: os.name: 'Windows 7', os.arch: 'x86', os.version: '6.1', java.version: '1.7.0_17'
Session ID: 0b46eef6-5bbc-4691-a9b7-5b9d3401ae3e
Driver info: org.openqa.selenium.firefox.FirefoxDriver
Capabilities [{platform=XP, databaseEnabled=true, cssSelectorsEnabled=true, javascriptEnabled=true, acceptSslCerts=true, handlesAlerts=true, browserName=firefox, browserConnectionEnabled=true, nativeEvents=true, webStorageEnabled=true, rotatable=false, locationContextEnabled=true, applicationCacheEnabled=true, takesScreenshot=true, version=20.0.1}]
	at org.openqa.selenium.remote.ErrorHandler.createThrowable(ErrorHandler.java:191)
	at org.openqa.selenium.remote.ErrorHandler.throwIfResponseFailed(ErrorHandler.java:145)
	at org.openqa.selenium.remote.RemoteWebDriver.execute(RemoteWebDriver.java:554)
	at org.openqa.selenium.remote.RemoteWebDriver.findElement(RemoteWebDriver.java:307)
	at org.openqa.selenium.remote.RemoteWebDriver.findElementById(RemoteWebDriver.java:348)
	at org.openqa.selenium.By$ById.findElement(By.java:216)
	at org.openqa.selenium.remote.RemoteWebDriver.findElement(RemoteWebDriver.java:299)
	at unitTestCases.popupWindow.PopupWindow(popupWindow.java:20)
Caused by: org.openqa.selenium.remote.ErrorHandler$UnknownServerException: Unable to locate element: {"method":"id","selector":"multiplewindow"}
Build info: version: '2.33.0', revision: '4e90c97', time: '2013-05-22 15:33:32'
System info: os.name: 'Windows 7', os.arch: 'x86', os.version: '6.1', java.version: '1.7.0_17'
Driver info: driver.version: unknown
	at <anonymous class>.FirefoxDriver.prototype.findElementInternal_(file:///C:/Users/urs/AppData/Local/Temp/anonymous3939483381928105009webdriver-profile/extensions/fxdriver@googlecode.com/components/driver_component.js:8444)
	at <anonymous class>.FirefoxDriver.prototype.findElement(file:///C:/Users/urs/AppData/Local/Temp/anonymous3939483381928105009webdriver-profile/extensions/fxdriver@googlecode.com/components/driver_component.js:8453)
	at <anonymous class>.DelayedCommand.prototype.executeInternal_/h(file:///C:/Users/urs/AppData/Local/Temp/anonymous3939483381928105009webdriver-profile/extensions/fxdriver@googlecode.com/components/command_processor.js:10456)
	at <anonymous class>.DelayedCommand.prototype.executeInternal_(file:///C:/Users/urs/AppData/Local/Temp/anonymous3939483381928105009webdriver-profile/extensions/fxdriver@googlecode.com/components/command_processor.js:10461)
	at <anonymous class>.DelayedCommand.prototype.execute/<(file:///C:/Users/urs/AppData/Local/Temp/anonymous3939483381928105009webdriver-profile/extensions/fxdriver@googlecode.com/components/command_processor.js:10401)
... Removed 28 stack frames]]>
		</failure>
	</testcase> <!-- PopupWindow -->
	<testcase name="AlertBox" time="13.917" classname="unitTestCases.Alert" />
	<testcase name="countLink" time="8.333" classname="unitTestCases.CountLink">
		<failure type="java.lang.AssertionError"
			message="expected:&amp;lt;5&amp;gt; but was:&amp;lt;0&amp;gt;">
      <![CDATA[java.lang.AssertionError: expected:<5> but was:<0>
	at unitTestCases.CountLink.countLink(CountLink.java:29)
... Removed 29 stack frames]]>
		</failure>
	</testcase> <!-- countLink -->
	<testcase name="testAdd" time="0.0" classname="unitTestCases.MathUnitTest" />
	<testcase name="testMul" time="0.0" classname="unitTestCases.MathUnitTest" />
	<testcase name="testSubtract" time="0.0"
		classname="unitTestCases.MathUnitTest">
		<failure type="java.lang.AssertionError"
			message="expected:&amp;lt;1&amp;gt; but was:&amp;lt;1.0&amp;gt;">
      <![CDATA[java.lang.AssertionError: expected:<1> but was:<1.0>
	at unitTestCases.MathUnitTest.testSubtract(MathUnitTest.java:19)
... Removed 28 stack frames]]>
		</failure>
	</testcase> <!-- testSubtract -->
</testsuite> <!-- Test -->
